<html>
<head>
<title>TestNG:  ExploreNowTest</title>
<link href="../testng.css" rel="stylesheet" type="text/css" />
<link href="../my-testng.css" rel="stylesheet" type="text/css" />

<style type="text/css">
.log { display: none;} 
.stack-trace { display: none;} 
</style>
<script type="text/javascript">
<!--
function flip(e) {
  current = e.style.display;
  if (current == 'block') {
    e.style.display = 'none';
    return 0;
  }
  else {
    e.style.display = 'block';
    return 1;
  }
}

function toggleBox(szDivId, elem, msg1, msg2)
{
  var res = -1;  if (document.getElementById) {
    res = flip(document.getElementById(szDivId));
  }
  else if (document.all) {
    // this is the way old msie versions work
    res = flip(document.all[szDivId]);
  }
  if(elem) {
    if(res == 0) elem.innerHTML = msg1; else elem.innerHTML = msg2;
  }

}

function toggleAllBoxes() {
  if (document.getElementsByTagName) {
    d = document.getElementsByTagName('div');
    for (i = 0; i < d.length; i++) {
      if (d[i].className == 'log') {
        flip(d[i]);
      }
    }
  }
}

// -->
</script>

</head>
<body>
<h2 align='center'>ExploreNowTest</h2><table border='1' align="center">
<tr>
<td>Tests passed/Failed/Skipped:</td><td>0/0/2</td>
</tr><tr>
<td>Started on:</td><td>Thu Oct 03 18:54:41 IST 2019</td>
</tr>
<tr><td>Total time:</td><td>74 seconds (74896 ms)</td>
</tr><tr>
<td>Included groups:</td><td></td>
</tr><tr>
<td>Excluded groups:</td><td></td>
</tr>
</table><p/>
<small><i>(Hover the method name to see the test class name)</i></small><p/>
<table width='100%' border='1' class='invocation-failed'>
<tr><td colspan='4' align='center'><b>FAILED CONFIGURATIONS</b></td></tr>
<tr><td><b>Test method</b></td>
<td width="30%"><b>Exception</b></td>
<td width="10%"><b>Time (seconds)</b></td>
<td><b>Instance</b></td>
</tr>
<tr>
<td title='com.atmecsautomation.testscripts.ExploreNowScripts.intitailizeBrowser()'><b>intitailizeBrowser</b><br>Test class: com.atmecsautomation.testscripts.ExploreNowScripts</td>
<td><div><pre>org.openqa.selenium.SessionNotCreatedException: session not created
from disconnected: received Inspector.detached event
  (Session info: chrome=77.0.3865.90)
Build info: version: &apos;3.141.59&apos;, revision: &apos;e82be7d358&apos;, time: &apos;2018-11-14T08:17:03&apos;
System info: host: &apos;ATMECSINLT-087&apos;, ip: &apos;55.55.52.203&apos;, os.name: &apos;Windows 10&apos;, os.arch: &apos;amd64&apos;, os.version: &apos;10.0&apos;, java.version: &apos;1.8.0_221&apos;
Driver info: driver.version: ChromeDriver
remote stacktrace: Backtrace:
	Ordinal0 [0x00C17C53+1473619]
	Ordinal0 [0x00B9AD71+961905]
	Ordinal0 [0x00B242B3+475827]
	Ordinal0 [0x00B1CAA9+445097]
	Ordinal0 [0x00B1C698+444056]
	Ordinal0 [0x00B1C411+443409]
	Ordinal0 [0x00B1BA5C+440924]
	Ordinal0 [0x00B1B5F4+439796]
	Ordinal0 [0x00B1B5B5+439733]
	Ordinal0 [0x00B22B15+469781]
	Ordinal0 [0x00B1B56C+439660]
	Ordinal0 [0x00B1C0C5+442565]
	Ordinal0 [0x00B1BA5C+440924]
	Ordinal0 [0x00B1B5F4+439796]
	Ordinal0 [0x00B1B5B5+439733]
	Ordinal0 [0x00B2146E+463982]
	Ordinal0 [0x00B1B56C+439660]
	Ordinal0 [0x00B1C0C5+442565]
	Ordinal0 [0x00B1BA5C+440924]
	Ordinal0 [0x00B1B5F4+439796]
	Ordinal0 [0x00B1B5B5+439733]
	Ordinal0 [0x00B1FC6B+457835]
	Ordinal0 [0x00B1B56C+439660]
	Ordinal0 [0x00B1C0C5+442565]
	Ordinal0 [0x00B1BA5C+440924]
	Ordinal0 [0x00B1B5F4+439796]
	Ordinal0 [0x00B1B5B5+439733]
	Ordinal0 [0x00B1F457+455767]
	Ordinal0 [0x00B1B56C+439660]
	Ordinal0 [0x00B1C0C5+442565]
	Ordinal0 [0x00B1BA5C+440924]
	Ordinal0 [0x00B1B5F4+439796]
	Ordinal0 [0x00B1B5B5+439733]
	Ordinal0 [0x00B1824C+426572]
	Ordinal0 [0x00B1B56C+439660]
	Ordinal0 [0x00B1B454+439380]
	Ordinal0 [0x00B24F10+478992]
	Ordinal0 [0x00AD98FE+170238]
	Ordinal0 [0x00AD8D1D+167197]
	Ordinal0 [0x00AD742B+160811]
	Ordinal0 [0x00AC0AE6+68326]
	Ordinal0 [0x00AC1BF0+72688]
	Ordinal0 [0x00AC1B89+72585]
	Ordinal0 [0x00BB4B37+1067831]
	GetHandleVerifier [0x00CB6845+506677]
	GetHandleVerifier [0x00CB65E0+506064]
	GetHandleVerifier [0x00CBD188+533624]
	GetHandleVerifier [0x00CB701A+508682]
	Ordinal0 [0x00BAC226+1032742]
	Ordinal0 [0x00BAC09F+1032351]
	Ordinal0 [0x00BB6A4B+1075787]
	Ordinal0 [0x00BB6BB3+1076147]
	Ordinal0 [0x00BB5B65+1071973]
	BaseThreadInitThunk [0x762060C9+25]
	RtlGetAppContainerNamedObjectPath [0x772A7A94+228]
	RtlGetAppContainerNamedObjectPath [0x772A7A64+180]

	at org.openqa.selenium.remote.W3CHandshakeResponse.lambda$errorHandler$0(W3CHandshakeResponse.java:62)
	at org.openqa.selenium.remote.HandshakeResponse.lambda$getResponseFunction$0(HandshakeResponse.java:30)
	at org.openqa.selenium.remote.ProtocolHandshake.lambda$createSession$0(ProtocolHandshake.java:126)
	at java.util.stream.ReferencePipeline$3$1.accept(ReferencePipeline.java:193)
	at java.util.Spliterators$ArraySpliterator.tryAdvance(Spliterators.java:958)
	at java.util.stream.ReferencePipeline.forEachWithCancel(ReferencePipeline.java:126)
	at java.util.stream.AbstractPipeline.copyIntoWithCancel(AbstractPipeline.java:499)
	at java.util.stream.AbstractPipeline.copyInto(AbstractPipeline.java:486)
	at java.util.stream.AbstractPipeline.wrapAndCopyInto(AbstractPipeline.java:472)
	at java.util.stream.FindOps$FindOp.evaluateSequential(FindOps.java:152)
	at java.util.stream.AbstractPipeline.evaluate(AbstractPipeline.java:234)
	at java.util.stream.ReferencePipeline.findFirst(ReferencePipeline.java:464)
	at org.openqa.selenium.remote.ProtocolHandshake.createSession(ProtocolHandshake.java:128)
	at org.openqa.selenium.remote.ProtocolHandshake.createSession(ProtocolHandshake.java:74)
	at org.openqa.selenium.remote.HttpCommandExecutor.execute(HttpCommandExecutor.java:136)
	at org.openqa.selenium.remote.service.DriverCommandExecutor.execute(DriverCommandExecutor.java:83)
	at org.openqa.selenium.remote.RemoteWebDriver.execute(RemoteWebDriver.java:552)
	at org.openqa.selenium.remote.RemoteWebDriver.startSession(RemoteWebDriver.java:213)
	at org.openqa.selenium.remote.RemoteWebDriver.&lt;init&gt;(RemoteWebDriver.java:131)
	at org.openqa.selenium.chrome.ChromeDriver.&lt;init&gt;(ChromeDriver.java:181)
	at org.openqa.selenium.chrome.ChromeDriver.&lt;init&gt;(ChromeDriver.java:168)
	at org.openqa.selenium.chrome.ChromeDriver.&lt;init&gt;(ChromeDriver.java:123)
	at com.atmecsautomation.testbase.TestBase.intitailizeBrowser(TestBase.java:52)
... Removed 32 stack frames</pre></div><a href='#' onClick='toggleBox("stack-trace91912419", this, "Click to show all stack frames", "Click to hide stack frames")'>Click to show all stack frames</a>
<div class='stack-trace' id='stack-trace91912419'><pre>org.openqa.selenium.SessionNotCreatedException: session not created
from disconnected: received Inspector.detached event
  (Session info: chrome=77.0.3865.90)
Build info: version: &apos;3.141.59&apos;, revision: &apos;e82be7d358&apos;, time: &apos;2018-11-14T08:17:03&apos;
System info: host: &apos;ATMECSINLT-087&apos;, ip: &apos;55.55.52.203&apos;, os.name: &apos;Windows 10&apos;, os.arch: &apos;amd64&apos;, os.version: &apos;10.0&apos;, java.version: &apos;1.8.0_221&apos;
Driver info: driver.version: ChromeDriver
remote stacktrace: Backtrace:
	Ordinal0 [0x00C17C53+1473619]
	Ordinal0 [0x00B9AD71+961905]
	Ordinal0 [0x00B242B3+475827]
	Ordinal0 [0x00B1CAA9+445097]
	Ordinal0 [0x00B1C698+444056]
	Ordinal0 [0x00B1C411+443409]
	Ordinal0 [0x00B1BA5C+440924]
	Ordinal0 [0x00B1B5F4+439796]
	Ordinal0 [0x00B1B5B5+439733]
	Ordinal0 [0x00B22B15+469781]
	Ordinal0 [0x00B1B56C+439660]
	Ordinal0 [0x00B1C0C5+442565]
	Ordinal0 [0x00B1BA5C+440924]
	Ordinal0 [0x00B1B5F4+439796]
	Ordinal0 [0x00B1B5B5+439733]
	Ordinal0 [0x00B2146E+463982]
	Ordinal0 [0x00B1B56C+439660]
	Ordinal0 [0x00B1C0C5+442565]
	Ordinal0 [0x00B1BA5C+440924]
	Ordinal0 [0x00B1B5F4+439796]
	Ordinal0 [0x00B1B5B5+439733]
	Ordinal0 [0x00B1FC6B+457835]
	Ordinal0 [0x00B1B56C+439660]
	Ordinal0 [0x00B1C0C5+442565]
	Ordinal0 [0x00B1BA5C+440924]
	Ordinal0 [0x00B1B5F4+439796]
	Ordinal0 [0x00B1B5B5+439733]
	Ordinal0 [0x00B1F457+455767]
	Ordinal0 [0x00B1B56C+439660]
	Ordinal0 [0x00B1C0C5+442565]
	Ordinal0 [0x00B1BA5C+440924]
	Ordinal0 [0x00B1B5F4+439796]
	Ordinal0 [0x00B1B5B5+439733]
	Ordinal0 [0x00B1824C+426572]
	Ordinal0 [0x00B1B56C+439660]
	Ordinal0 [0x00B1B454+439380]
	Ordinal0 [0x00B24F10+478992]
	Ordinal0 [0x00AD98FE+170238]
	Ordinal0 [0x00AD8D1D+167197]
	Ordinal0 [0x00AD742B+160811]
	Ordinal0 [0x00AC0AE6+68326]
	Ordinal0 [0x00AC1BF0+72688]
	Ordinal0 [0x00AC1B89+72585]
	Ordinal0 [0x00BB4B37+1067831]
	GetHandleVerifier [0x00CB6845+506677]
	GetHandleVerifier [0x00CB65E0+506064]
	GetHandleVerifier [0x00CBD188+533624]
	GetHandleVerifier [0x00CB701A+508682]
	Ordinal0 [0x00BAC226+1032742]
	Ordinal0 [0x00BAC09F+1032351]
	Ordinal0 [0x00BB6A4B+1075787]
	Ordinal0 [0x00BB6BB3+1076147]
	Ordinal0 [0x00BB5B65+1071973]
	BaseThreadInitThunk [0x762060C9+25]
	RtlGetAppContainerNamedObjectPath [0x772A7A94+228]
	RtlGetAppContainerNamedObjectPath [0x772A7A64+180]

	at sun.reflect.NativeConstructorAccessorImpl.newInstance0(Native Method)
	at sun.reflect.NativeConstructorAccessorImpl.newInstance(NativeConstructorAccessorImpl.java:62)
	at sun.reflect.DelegatingConstructorAccessorImpl.newInstance(DelegatingConstructorAccessorImpl.java:45)
	at java.lang.reflect.Constructor.newInstance(Constructor.java:423)
	at org.openqa.selenium.remote.W3CHandshakeResponse.lambda$errorHandler$0(W3CHandshakeResponse.java:62)
	at org.openqa.selenium.remote.HandshakeResponse.lambda$getResponseFunction$0(HandshakeResponse.java:30)
	at org.openqa.selenium.remote.ProtocolHandshake.lambda$createSession$0(ProtocolHandshake.java:126)
	at java.util.stream.ReferencePipeline$3$1.accept(ReferencePipeline.java:193)
	at java.util.Spliterators$ArraySpliterator.tryAdvance(Spliterators.java:958)
	at java.util.stream.ReferencePipeline.forEachWithCancel(ReferencePipeline.java:126)
	at java.util.stream.AbstractPipeline.copyIntoWithCancel(AbstractPipeline.java:499)
	at java.util.stream.AbstractPipeline.copyInto(AbstractPipeline.java:486)
	at java.util.stream.AbstractPipeline.wrapAndCopyInto(AbstractPipeline.java:472)
	at java.util.stream.FindOps$FindOp.evaluateSequential(FindOps.java:152)
	at java.util.stream.AbstractPipeline.evaluate(AbstractPipeline.java:234)
	at java.util.stream.ReferencePipeline.findFirst(ReferencePipeline.java:464)
	at org.openqa.selenium.remote.ProtocolHandshake.createSession(ProtocolHandshake.java:128)
	at org.openqa.selenium.remote.ProtocolHandshake.createSession(ProtocolHandshake.java:74)
	at org.openqa.selenium.remote.HttpCommandExecutor.execute(HttpCommandExecutor.java:136)
	at org.openqa.selenium.remote.service.DriverCommandExecutor.execute(DriverCommandExecutor.java:83)
	at org.openqa.selenium.remote.RemoteWebDriver.execute(RemoteWebDriver.java:552)
	at org.openqa.selenium.remote.RemoteWebDriver.startSession(RemoteWebDriver.java:213)
	at org.openqa.selenium.remote.RemoteWebDriver.&lt;init&gt;(RemoteWebDriver.java:131)
	at org.openqa.selenium.chrome.ChromeDriver.&lt;init&gt;(ChromeDriver.java:181)
	at org.openqa.selenium.chrome.ChromeDriver.&lt;init&gt;(ChromeDriver.java:168)
	at org.openqa.selenium.chrome.ChromeDriver.&lt;init&gt;(ChromeDriver.java:123)
	at com.atmecsautomation.testbase.TestBase.intitailizeBrowser(TestBase.java:52)
	at sun.reflect.NativeMethodAccessorImpl.invoke0(Native Method)
	at sun.reflect.NativeMethodAccessorImpl.invoke(NativeMethodAccessorImpl.java:62)
	at sun.reflect.DelegatingMethodAccessorImpl.invoke(DelegatingMethodAccessorImpl.java:43)
	at java.lang.reflect.Method.invoke(Method.java:498)
	at org.testng.internal.MethodInvocationHelper.invokeMethod(MethodInvocationHelper.java:124)
	at org.testng.internal.MethodInvocationHelper.invokeMethodConsideringTimeout(MethodInvocationHelper.java:59)
	at org.testng.internal.Invoker.invokeConfigurationMethod(Invoker.java:458)
	at org.testng.internal.Invoker.invokeConfigurations(Invoker.java:222)
	at org.testng.internal.Invoker.invokeConfigurations(Invoker.java:142)
	at org.testng.TestRunner.beforeRun(TestRunner.java:529)
	at org.testng.TestRunner.run(TestRunner.java:497)
	at org.testng.SuiteRunner.runTest(SuiteRunner.java:455)
	at org.testng.SuiteRunner.runSequentially(SuiteRunner.java:450)
	at org.testng.SuiteRunner.privateRun(SuiteRunner.java:415)
	at org.testng.SuiteRunner.run(SuiteRunner.java:364)
	at org.testng.SuiteRunnerWorker.runSuite(SuiteRunnerWorker.java:52)
	at org.testng.SuiteRunnerWorker.run(SuiteRunnerWorker.java:84)
	at org.testng.TestNG.runSuitesSequentially(TestNG.java:1208)
	at org.testng.TestNG.runSuitesLocally(TestNG.java:1137)
	at org.testng.TestNG.runSuites(TestNG.java:1049)
	at org.testng.TestNG.run(TestNG.java:1017)
	at org.apache.maven.surefire.testng.TestNGExecutor.run(TestNGExecutor.java:283)
	at org.apache.maven.surefire.testng.TestNGXmlTestSuite.execute(TestNGXmlTestSuite.java:75)
	at org.apache.maven.surefire.testng.TestNGProvider.invoke(TestNGProvider.java:120)
	at org.apache.maven.surefire.booter.ForkedBooter.invokeProviderInSameClassLoader(ForkedBooter.java:384)
	at org.apache.maven.surefire.booter.ForkedBooter.runSuitesInProcess(ForkedBooter.java:345)
	at org.apache.maven.surefire.booter.ForkedBooter.execute(ForkedBooter.java:126)
	at org.apache.maven.surefire.booter.ForkedBooter.main(ForkedBooter.java:418)
</pre></div></td>
<td>56</td>
<td>com.atmecsautomation.testscripts.ExploreNowScripts@2096442d</td></tr>
</table><p>
<table width='100%' border='1' class='invocation-skipped'>
<tr><td colspan='4' align='center'><b>SKIPPED CONFIGURATIONS</b></td></tr>
<tr><td><b>Test method</b></td>
<td width="30%"><b>Exception</b></td>
<td width="10%"><b>Time (seconds)</b></td>
<td><b>Instance</b></td>
</tr>
<tr>
<td title='com.atmecsautomation.testscripts.ExploreNowScripts.tearDown()'><b>tearDown</b><br>Test class: com.atmecsautomation.testscripts.ExploreNowScripts</td>
<td></td>
<td>0</td>
<td>com.atmecsautomation.testscripts.ExploreNowScripts@2096442d</td></tr>
<tr>
<td title='com.atmecsautomation.testscripts.ExploreNowScripts.tearDown()'><b>tearDown</b><br>Test class: com.atmecsautomation.testscripts.ExploreNowScripts</td>
<td></td>
<td>0</td>
<td>com.atmecsautomation.testscripts.ExploreNowScripts@2096442d</td></tr>
<tr>
<td title='com.atmecsautomation.testscripts.ExploreNowScripts.closeDriver()'><b>closeDriver</b><br>Test class: com.atmecsautomation.testscripts.ExploreNowScripts</td>
<td></td>
<td>0</td>
<td>com.atmecsautomation.testscripts.ExploreNowScripts@2096442d</td></tr>
</table><p>
<table width='100%' border='1' class='invocation-skipped'>
<tr><td colspan='4' align='center'><b>SKIPPED TESTS</b></td></tr>
<tr><td><b>Test method</b></td>
<td width="30%"><b>Exception</b></td>
<td width="10%"><b>Time (seconds)</b></td>
<td><b>Instance</b></td>
</tr>
<tr>
<td title='com.atmecsautomation.testscripts.ExploreNowScripts.exploreNow()'><b>exploreNow</b><br>Test class: com.atmecsautomation.testscripts.ExploreNowScripts</td>
<td><div><pre>org.openqa.selenium.SessionNotCreatedException: session not created
from disconnected: received Inspector.detached event
  (Session info: chrome=77.0.3865.90)
Build info: version: &apos;3.141.59&apos;, revision: &apos;e82be7d358&apos;, time: &apos;2018-11-14T08:17:03&apos;
System info: host: &apos;ATMECSINLT-087&apos;, ip: &apos;55.55.52.203&apos;, os.name: &apos;Windows 10&apos;, os.arch: &apos;amd64&apos;, os.version: &apos;10.0&apos;, java.version: &apos;1.8.0_221&apos;
Driver info: driver.version: ChromeDriver
remote stacktrace: Backtrace:
	Ordinal0 [0x00C17C53+1473619]
	Ordinal0 [0x00B9AD71+961905]
	Ordinal0 [0x00B242B3+475827]
	Ordinal0 [0x00B1CAA9+445097]
	Ordinal0 [0x00B1C698+444056]
	Ordinal0 [0x00B1C411+443409]
	Ordinal0 [0x00B1BA5C+440924]
	Ordinal0 [0x00B1B5F4+439796]
	Ordinal0 [0x00B1B5B5+439733]
	Ordinal0 [0x00B22B15+469781]
	Ordinal0 [0x00B1B56C+439660]
	Ordinal0 [0x00B1C0C5+442565]
	Ordinal0 [0x00B1BA5C+440924]
	Ordinal0 [0x00B1B5F4+439796]
	Ordinal0 [0x00B1B5B5+439733]
	Ordinal0 [0x00B2146E+463982]
	Ordinal0 [0x00B1B56C+439660]
	Ordinal0 [0x00B1C0C5+442565]
	Ordinal0 [0x00B1BA5C+440924]
	Ordinal0 [0x00B1B5F4+439796]
	Ordinal0 [0x00B1B5B5+439733]
	Ordinal0 [0x00B1FC6B+457835]
	Ordinal0 [0x00B1B56C+439660]
	Ordinal0 [0x00B1C0C5+442565]
	Ordinal0 [0x00B1BA5C+440924]
	Ordinal0 [0x00B1B5F4+439796]
	Ordinal0 [0x00B1B5B5+439733]
	Ordinal0 [0x00B1F457+455767]
	Ordinal0 [0x00B1B56C+439660]
	Ordinal0 [0x00B1C0C5+442565]
	Ordinal0 [0x00B1BA5C+440924]
	Ordinal0 [0x00B1B5F4+439796]
	Ordinal0 [0x00B1B5B5+439733]
	Ordinal0 [0x00B1824C+426572]
	Ordinal0 [0x00B1B56C+439660]
	Ordinal0 [0x00B1B454+439380]
	Ordinal0 [0x00B24F10+478992]
	Ordinal0 [0x00AD98FE+170238]
	Ordinal0 [0x00AD8D1D+167197]
	Ordinal0 [0x00AD742B+160811]
	Ordinal0 [0x00AC0AE6+68326]
	Ordinal0 [0x00AC1BF0+72688]
	Ordinal0 [0x00AC1B89+72585]
	Ordinal0 [0x00BB4B37+1067831]
	GetHandleVerifier [0x00CB6845+506677]
	GetHandleVerifier [0x00CB65E0+506064]
	GetHandleVerifier [0x00CBD188+533624]
	GetHandleVerifier [0x00CB701A+508682]
	Ordinal0 [0x00BAC226+1032742]
	Ordinal0 [0x00BAC09F+1032351]
	Ordinal0 [0x00BB6A4B+1075787]
	Ordinal0 [0x00BB6BB3+1076147]
	Ordinal0 [0x00BB5B65+1071973]
	BaseThreadInitThunk [0x762060C9+25]
	RtlGetAppContainerNamedObjectPath [0x772A7A94+228]
	RtlGetAppContainerNamedObjectPath [0x772A7A64+180]

	at org.openqa.selenium.remote.W3CHandshakeResponse.lambda$errorHandler$0(W3CHandshakeResponse.java:62)
	at org.openqa.selenium.remote.HandshakeResponse.lambda$getResponseFunction$0(HandshakeResponse.java:30)
	at org.openqa.selenium.remote.ProtocolHandshake.lambda$createSession$0(ProtocolHandshake.java:126)
	at java.util.stream.ReferencePipeline$3$1.accept(ReferencePipeline.java:193)
	at java.util.Spliterators$ArraySpliterator.tryAdvance(Spliterators.java:958)
	at java.util.stream.ReferencePipeline.forEachWithCancel(ReferencePipeline.java:126)
	at java.util.stream.AbstractPipeline.copyIntoWithCancel(AbstractPipeline.java:499)
	at java.util.stream.AbstractPipeline.copyInto(AbstractPipeline.java:486)
	at java.util.stream.AbstractPipeline.wrapAndCopyInto(AbstractPipeline.java:472)
	at java.util.stream.FindOps$FindOp.evaluateSequential(FindOps.java:152)
	at java.util.stream.AbstractPipeline.evaluate(AbstractPipeline.java:234)
	at java.util.stream.ReferencePipeline.findFirst(ReferencePipeline.java:464)
	at org.openqa.selenium.remote.ProtocolHandshake.createSession(ProtocolHandshake.java:128)
	at org.openqa.selenium.remote.ProtocolHandshake.createSession(ProtocolHandshake.java:74)
	at org.openqa.selenium.remote.HttpCommandExecutor.execute(HttpCommandExecutor.java:136)
	at org.openqa.selenium.remote.service.DriverCommandExecutor.execute(DriverCommandExecutor.java:83)
	at org.openqa.selenium.remote.RemoteWebDriver.execute(RemoteWebDriver.java:552)
	at org.openqa.selenium.remote.RemoteWebDriver.startSession(RemoteWebDriver.java:213)
	at org.openqa.selenium.remote.RemoteWebDriver.&lt;init&gt;(RemoteWebDriver.java:131)
	at org.openqa.selenium.chrome.ChromeDriver.&lt;init&gt;(ChromeDriver.java:181)
	at org.openqa.selenium.chrome.ChromeDriver.&lt;init&gt;(ChromeDriver.java:168)
	at org.openqa.selenium.chrome.ChromeDriver.&lt;init&gt;(ChromeDriver.java:123)
	at com.atmecsautomation.testbase.TestBase.intitailizeBrowser(TestBase.java:52)
... Removed 32 stack frames</pre></div><a href='#' onClick='toggleBox("stack-trace1494346128", this, "Click to show all stack frames", "Click to hide stack frames")'>Click to show all stack frames</a>
<div class='stack-trace' id='stack-trace1494346128'><pre>org.openqa.selenium.SessionNotCreatedException: session not created
from disconnected: received Inspector.detached event
  (Session info: chrome=77.0.3865.90)
Build info: version: &apos;3.141.59&apos;, revision: &apos;e82be7d358&apos;, time: &apos;2018-11-14T08:17:03&apos;
System info: host: &apos;ATMECSINLT-087&apos;, ip: &apos;55.55.52.203&apos;, os.name: &apos;Windows 10&apos;, os.arch: &apos;amd64&apos;, os.version: &apos;10.0&apos;, java.version: &apos;1.8.0_221&apos;
Driver info: driver.version: ChromeDriver
remote stacktrace: Backtrace:
	Ordinal0 [0x00C17C53+1473619]
	Ordinal0 [0x00B9AD71+961905]
	Ordinal0 [0x00B242B3+475827]
	Ordinal0 [0x00B1CAA9+445097]
	Ordinal0 [0x00B1C698+444056]
	Ordinal0 [0x00B1C411+443409]
	Ordinal0 [0x00B1BA5C+440924]
	Ordinal0 [0x00B1B5F4+439796]
	Ordinal0 [0x00B1B5B5+439733]
	Ordinal0 [0x00B22B15+469781]
	Ordinal0 [0x00B1B56C+439660]
	Ordinal0 [0x00B1C0C5+442565]
	Ordinal0 [0x00B1BA5C+440924]
	Ordinal0 [0x00B1B5F4+439796]
	Ordinal0 [0x00B1B5B5+439733]
	Ordinal0 [0x00B2146E+463982]
	Ordinal0 [0x00B1B56C+439660]
	Ordinal0 [0x00B1C0C5+442565]
	Ordinal0 [0x00B1BA5C+440924]
	Ordinal0 [0x00B1B5F4+439796]
	Ordinal0 [0x00B1B5B5+439733]
	Ordinal0 [0x00B1FC6B+457835]
	Ordinal0 [0x00B1B56C+439660]
	Ordinal0 [0x00B1C0C5+442565]
	Ordinal0 [0x00B1BA5C+440924]
	Ordinal0 [0x00B1B5F4+439796]
	Ordinal0 [0x00B1B5B5+439733]
	Ordinal0 [0x00B1F457+455767]
	Ordinal0 [0x00B1B56C+439660]
	Ordinal0 [0x00B1C0C5+442565]
	Ordinal0 [0x00B1BA5C+440924]
	Ordinal0 [0x00B1B5F4+439796]
	Ordinal0 [0x00B1B5B5+439733]
	Ordinal0 [0x00B1824C+426572]
	Ordinal0 [0x00B1B56C+439660]
	Ordinal0 [0x00B1B454+439380]
	Ordinal0 [0x00B24F10+478992]
	Ordinal0 [0x00AD98FE+170238]
	Ordinal0 [0x00AD8D1D+167197]
	Ordinal0 [0x00AD742B+160811]
	Ordinal0 [0x00AC0AE6+68326]
	Ordinal0 [0x00AC1BF0+72688]
	Ordinal0 [0x00AC1B89+72585]
	Ordinal0 [0x00BB4B37+1067831]
	GetHandleVerifier [0x00CB6845+506677]
	GetHandleVerifier [0x00CB65E0+506064]
	GetHandleVerifier [0x00CBD188+533624]
	GetHandleVerifier [0x00CB701A+508682]
	Ordinal0 [0x00BAC226+1032742]
	Ordinal0 [0x00BAC09F+1032351]
	Ordinal0 [0x00BB6A4B+1075787]
	Ordinal0 [0x00BB6BB3+1076147]
	Ordinal0 [0x00BB5B65+1071973]
	BaseThreadInitThunk [0x762060C9+25]
	RtlGetAppContainerNamedObjectPath [0x772A7A94+228]
	RtlGetAppContainerNamedObjectPath [0x772A7A64+180]

	at sun.reflect.NativeConstructorAccessorImpl.newInstance0(Native Method)
	at sun.reflect.NativeConstructorAccessorImpl.newInstance(NativeConstructorAccessorImpl.java:62)
	at sun.reflect.DelegatingConstructorAccessorImpl.newInstance(DelegatingConstructorAccessorImpl.java:45)
	at java.lang.reflect.Constructor.newInstance(Constructor.java:423)
	at org.openqa.selenium.remote.W3CHandshakeResponse.lambda$errorHandler$0(W3CHandshakeResponse.java:62)
	at org.openqa.selenium.remote.HandshakeResponse.lambda$getResponseFunction$0(HandshakeResponse.java:30)
	at org.openqa.selenium.remote.ProtocolHandshake.lambda$createSession$0(ProtocolHandshake.java:126)
	at java.util.stream.ReferencePipeline$3$1.accept(ReferencePipeline.java:193)
	at java.util.Spliterators$ArraySpliterator.tryAdvance(Spliterators.java:958)
	at java.util.stream.ReferencePipeline.forEachWithCancel(ReferencePipeline.java:126)
	at java.util.stream.AbstractPipeline.copyIntoWithCancel(AbstractPipeline.java:499)
	at java.util.stream.AbstractPipeline.copyInto(AbstractPipeline.java:486)
	at java.util.stream.AbstractPipeline.wrapAndCopyInto(AbstractPipeline.java:472)
	at java.util.stream.FindOps$FindOp.evaluateSequential(FindOps.java:152)
	at java.util.stream.AbstractPipeline.evaluate(AbstractPipeline.java:234)
	at java.util.stream.ReferencePipeline.findFirst(ReferencePipeline.java:464)
	at org.openqa.selenium.remote.ProtocolHandshake.createSession(ProtocolHandshake.java:128)
	at org.openqa.selenium.remote.ProtocolHandshake.createSession(ProtocolHandshake.java:74)
	at org.openqa.selenium.remote.HttpCommandExecutor.execute(HttpCommandExecutor.java:136)
	at org.openqa.selenium.remote.service.DriverCommandExecutor.execute(DriverCommandExecutor.java:83)
	at org.openqa.selenium.remote.RemoteWebDriver.execute(RemoteWebDriver.java:552)
	at org.openqa.selenium.remote.RemoteWebDriver.startSession(RemoteWebDriver.java:213)
	at org.openqa.selenium.remote.RemoteWebDriver.&lt;init&gt;(RemoteWebDriver.java:131)
	at org.openqa.selenium.chrome.ChromeDriver.&lt;init&gt;(ChromeDriver.java:181)
	at org.openqa.selenium.chrome.ChromeDriver.&lt;init&gt;(ChromeDriver.java:168)
	at org.openqa.selenium.chrome.ChromeDriver.&lt;init&gt;(ChromeDriver.java:123)
	at com.atmecsautomation.testbase.TestBase.intitailizeBrowser(TestBase.java:52)
	at sun.reflect.NativeMethodAccessorImpl.invoke0(Native Method)
	at sun.reflect.NativeMethodAccessorImpl.invoke(NativeMethodAccessorImpl.java:62)
	at sun.reflect.DelegatingMethodAccessorImpl.invoke(DelegatingMethodAccessorImpl.java:43)
	at java.lang.reflect.Method.invoke(Method.java:498)
	at org.testng.internal.MethodInvocationHelper.invokeMethod(MethodInvocationHelper.java:124)
	at org.testng.internal.MethodInvocationHelper.invokeMethodConsideringTimeout(MethodInvocationHelper.java:59)
	at org.testng.internal.Invoker.invokeConfigurationMethod(Invoker.java:458)
	at org.testng.internal.Invoker.invokeConfigurations(Invoker.java:222)
	at org.testng.internal.Invoker.invokeConfigurations(Invoker.java:142)
	at org.testng.TestRunner.beforeRun(TestRunner.java:529)
	at org.testng.TestRunner.run(TestRunner.java:497)
	at org.testng.SuiteRunner.runTest(SuiteRunner.java:455)
	at org.testng.SuiteRunner.runSequentially(SuiteRunner.java:450)
	at org.testng.SuiteRunner.privateRun(SuiteRunner.java:415)
	at org.testng.SuiteRunner.run(SuiteRunner.java:364)
	at org.testng.SuiteRunnerWorker.runSuite(SuiteRunnerWorker.java:52)
	at org.testng.SuiteRunnerWorker.run(SuiteRunnerWorker.java:84)
	at org.testng.TestNG.runSuitesSequentially(TestNG.java:1208)
	at org.testng.TestNG.runSuitesLocally(TestNG.java:1137)
	at org.testng.TestNG.runSuites(TestNG.java:1049)
	at org.testng.TestNG.run(TestNG.java:1017)
	at org.apache.maven.surefire.testng.TestNGExecutor.run(TestNGExecutor.java:283)
	at org.apache.maven.surefire.testng.TestNGXmlTestSuite.execute(TestNGXmlTestSuite.java:75)
	at org.apache.maven.surefire.testng.TestNGProvider.invoke(TestNGProvider.java:120)
	at org.apache.maven.surefire.booter.ForkedBooter.invokeProviderInSameClassLoader(ForkedBooter.java:384)
	at org.apache.maven.surefire.booter.ForkedBooter.runSuitesInProcess(ForkedBooter.java:345)
	at org.apache.maven.surefire.booter.ForkedBooter.execute(ForkedBooter.java:126)
	at org.apache.maven.surefire.booter.ForkedBooter.main(ForkedBooter.java:418)
</pre></div></td>
<td>0</td>
<td>com.atmecsautomation.testscripts.ExploreNowScripts@2096442d</td></tr>
<tr>
<td title='com.atmecsautomation.testscripts.ExploreNowScripts.homePageRedirection()'><b>homePageRedirection</b><br>Test class: com.atmecsautomation.testscripts.ExploreNowScripts</td>
<td><div><pre>org.openqa.selenium.SessionNotCreatedException: session not created
from disconnected: received Inspector.detached event
  (Session info: chrome=77.0.3865.90)
Build info: version: &apos;3.141.59&apos;, revision: &apos;e82be7d358&apos;, time: &apos;2018-11-14T08:17:03&apos;
System info: host: &apos;ATMECSINLT-087&apos;, ip: &apos;55.55.52.203&apos;, os.name: &apos;Windows 10&apos;, os.arch: &apos;amd64&apos;, os.version: &apos;10.0&apos;, java.version: &apos;1.8.0_221&apos;
Driver info: driver.version: ChromeDriver
remote stacktrace: Backtrace:
	Ordinal0 [0x00C17C53+1473619]
	Ordinal0 [0x00B9AD71+961905]
	Ordinal0 [0x00B242B3+475827]
	Ordinal0 [0x00B1CAA9+445097]
	Ordinal0 [0x00B1C698+444056]
	Ordinal0 [0x00B1C411+443409]
	Ordinal0 [0x00B1BA5C+440924]
	Ordinal0 [0x00B1B5F4+439796]
	Ordinal0 [0x00B1B5B5+439733]
	Ordinal0 [0x00B22B15+469781]
	Ordinal0 [0x00B1B56C+439660]
	Ordinal0 [0x00B1C0C5+442565]
	Ordinal0 [0x00B1BA5C+440924]
	Ordinal0 [0x00B1B5F4+439796]
	Ordinal0 [0x00B1B5B5+439733]
	Ordinal0 [0x00B2146E+463982]
	Ordinal0 [0x00B1B56C+439660]
	Ordinal0 [0x00B1C0C5+442565]
	Ordinal0 [0x00B1BA5C+440924]
	Ordinal0 [0x00B1B5F4+439796]
	Ordinal0 [0x00B1B5B5+439733]
	Ordinal0 [0x00B1FC6B+457835]
	Ordinal0 [0x00B1B56C+439660]
	Ordinal0 [0x00B1C0C5+442565]
	Ordinal0 [0x00B1BA5C+440924]
	Ordinal0 [0x00B1B5F4+439796]
	Ordinal0 [0x00B1B5B5+439733]
	Ordinal0 [0x00B1F457+455767]
	Ordinal0 [0x00B1B56C+439660]
	Ordinal0 [0x00B1C0C5+442565]
	Ordinal0 [0x00B1BA5C+440924]
	Ordinal0 [0x00B1B5F4+439796]
	Ordinal0 [0x00B1B5B5+439733]
	Ordinal0 [0x00B1824C+426572]
	Ordinal0 [0x00B1B56C+439660]
	Ordinal0 [0x00B1B454+439380]
	Ordinal0 [0x00B24F10+478992]
	Ordinal0 [0x00AD98FE+170238]
	Ordinal0 [0x00AD8D1D+167197]
	Ordinal0 [0x00AD742B+160811]
	Ordinal0 [0x00AC0AE6+68326]
	Ordinal0 [0x00AC1BF0+72688]
	Ordinal0 [0x00AC1B89+72585]
	Ordinal0 [0x00BB4B37+1067831]
	GetHandleVerifier [0x00CB6845+506677]
	GetHandleVerifier [0x00CB65E0+506064]
	GetHandleVerifier [0x00CBD188+533624]
	GetHandleVerifier [0x00CB701A+508682]
	Ordinal0 [0x00BAC226+1032742]
	Ordinal0 [0x00BAC09F+1032351]
	Ordinal0 [0x00BB6A4B+1075787]
	Ordinal0 [0x00BB6BB3+1076147]
	Ordinal0 [0x00BB5B65+1071973]
	BaseThreadInitThunk [0x762060C9+25]
	RtlGetAppContainerNamedObjectPath [0x772A7A94+228]
	RtlGetAppContainerNamedObjectPath [0x772A7A64+180]

	at org.openqa.selenium.remote.W3CHandshakeResponse.lambda$errorHandler$0(W3CHandshakeResponse.java:62)
	at org.openqa.selenium.remote.HandshakeResponse.lambda$getResponseFunction$0(HandshakeResponse.java:30)
	at org.openqa.selenium.remote.ProtocolHandshake.lambda$createSession$0(ProtocolHandshake.java:126)
	at java.util.stream.ReferencePipeline$3$1.accept(ReferencePipeline.java:193)
	at java.util.Spliterators$ArraySpliterator.tryAdvance(Spliterators.java:958)
	at java.util.stream.ReferencePipeline.forEachWithCancel(ReferencePipeline.java:126)
	at java.util.stream.AbstractPipeline.copyIntoWithCancel(AbstractPipeline.java:499)
	at java.util.stream.AbstractPipeline.copyInto(AbstractPipeline.java:486)
	at java.util.stream.AbstractPipeline.wrapAndCopyInto(AbstractPipeline.java:472)
	at java.util.stream.FindOps$FindOp.evaluateSequential(FindOps.java:152)
	at java.util.stream.AbstractPipeline.evaluate(AbstractPipeline.java:234)
	at java.util.stream.ReferencePipeline.findFirst(ReferencePipeline.java:464)
	at org.openqa.selenium.remote.ProtocolHandshake.createSession(ProtocolHandshake.java:128)
	at org.openqa.selenium.remote.ProtocolHandshake.createSession(ProtocolHandshake.java:74)
	at org.openqa.selenium.remote.HttpCommandExecutor.execute(HttpCommandExecutor.java:136)
	at org.openqa.selenium.remote.service.DriverCommandExecutor.execute(DriverCommandExecutor.java:83)
	at org.openqa.selenium.remote.RemoteWebDriver.execute(RemoteWebDriver.java:552)
	at org.openqa.selenium.remote.RemoteWebDriver.startSession(RemoteWebDriver.java:213)
	at org.openqa.selenium.remote.RemoteWebDriver.&lt;init&gt;(RemoteWebDriver.java:131)
	at org.openqa.selenium.chrome.ChromeDriver.&lt;init&gt;(ChromeDriver.java:181)
	at org.openqa.selenium.chrome.ChromeDriver.&lt;init&gt;(ChromeDriver.java:168)
	at org.openqa.selenium.chrome.ChromeDriver.&lt;init&gt;(ChromeDriver.java:123)
	at com.atmecsautomation.testbase.TestBase.intitailizeBrowser(TestBase.java:52)
... Removed 32 stack frames</pre></div><a href='#' onClick='toggleBox("stack-trace69062746", this, "Click to show all stack frames", "Click to hide stack frames")'>Click to show all stack frames</a>
<div class='stack-trace' id='stack-trace69062746'><pre>org.openqa.selenium.SessionNotCreatedException: session not created
from disconnected: received Inspector.detached event
  (Session info: chrome=77.0.3865.90)
Build info: version: &apos;3.141.59&apos;, revision: &apos;e82be7d358&apos;, time: &apos;2018-11-14T08:17:03&apos;
System info: host: &apos;ATMECSINLT-087&apos;, ip: &apos;55.55.52.203&apos;, os.name: &apos;Windows 10&apos;, os.arch: &apos;amd64&apos;, os.version: &apos;10.0&apos;, java.version: &apos;1.8.0_221&apos;
Driver info: driver.version: ChromeDriver
remote stacktrace: Backtrace:
	Ordinal0 [0x00C17C53+1473619]
	Ordinal0 [0x00B9AD71+961905]
	Ordinal0 [0x00B242B3+475827]
	Ordinal0 [0x00B1CAA9+445097]
	Ordinal0 [0x00B1C698+444056]
	Ordinal0 [0x00B1C411+443409]
	Ordinal0 [0x00B1BA5C+440924]
	Ordinal0 [0x00B1B5F4+439796]
	Ordinal0 [0x00B1B5B5+439733]
	Ordinal0 [0x00B22B15+469781]
	Ordinal0 [0x00B1B56C+439660]
	Ordinal0 [0x00B1C0C5+442565]
	Ordinal0 [0x00B1BA5C+440924]
	Ordinal0 [0x00B1B5F4+439796]
	Ordinal0 [0x00B1B5B5+439733]
	Ordinal0 [0x00B2146E+463982]
	Ordinal0 [0x00B1B56C+439660]
	Ordinal0 [0x00B1C0C5+442565]
	Ordinal0 [0x00B1BA5C+440924]
	Ordinal0 [0x00B1B5F4+439796]
	Ordinal0 [0x00B1B5B5+439733]
	Ordinal0 [0x00B1FC6B+457835]
	Ordinal0 [0x00B1B56C+439660]
	Ordinal0 [0x00B1C0C5+442565]
	Ordinal0 [0x00B1BA5C+440924]
	Ordinal0 [0x00B1B5F4+439796]
	Ordinal0 [0x00B1B5B5+439733]
	Ordinal0 [0x00B1F457+455767]
	Ordinal0 [0x00B1B56C+439660]
	Ordinal0 [0x00B1C0C5+442565]
	Ordinal0 [0x00B1BA5C+440924]
	Ordinal0 [0x00B1B5F4+439796]
	Ordinal0 [0x00B1B5B5+439733]
	Ordinal0 [0x00B1824C+426572]
	Ordinal0 [0x00B1B56C+439660]
	Ordinal0 [0x00B1B454+439380]
	Ordinal0 [0x00B24F10+478992]
	Ordinal0 [0x00AD98FE+170238]
	Ordinal0 [0x00AD8D1D+167197]
	Ordinal0 [0x00AD742B+160811]
	Ordinal0 [0x00AC0AE6+68326]
	Ordinal0 [0x00AC1BF0+72688]
	Ordinal0 [0x00AC1B89+72585]
	Ordinal0 [0x00BB4B37+1067831]
	GetHandleVerifier [0x00CB6845+506677]
	GetHandleVerifier [0x00CB65E0+506064]
	GetHandleVerifier [0x00CBD188+533624]
	GetHandleVerifier [0x00CB701A+508682]
	Ordinal0 [0x00BAC226+1032742]
	Ordinal0 [0x00BAC09F+1032351]
	Ordinal0 [0x00BB6A4B+1075787]
	Ordinal0 [0x00BB6BB3+1076147]
	Ordinal0 [0x00BB5B65+1071973]
	BaseThreadInitThunk [0x762060C9+25]
	RtlGetAppContainerNamedObjectPath [0x772A7A94+228]
	RtlGetAppContainerNamedObjectPath [0x772A7A64+180]

	at sun.reflect.NativeConstructorAccessorImpl.newInstance0(Native Method)
	at sun.reflect.NativeConstructorAccessorImpl.newInstance(NativeConstructorAccessorImpl.java:62)
	at sun.reflect.DelegatingConstructorAccessorImpl.newInstance(DelegatingConstructorAccessorImpl.java:45)
	at java.lang.reflect.Constructor.newInstance(Constructor.java:423)
	at org.openqa.selenium.remote.W3CHandshakeResponse.lambda$errorHandler$0(W3CHandshakeResponse.java:62)
	at org.openqa.selenium.remote.HandshakeResponse.lambda$getResponseFunction$0(HandshakeResponse.java:30)
	at org.openqa.selenium.remote.ProtocolHandshake.lambda$createSession$0(ProtocolHandshake.java:126)
	at java.util.stream.ReferencePipeline$3$1.accept(ReferencePipeline.java:193)
	at java.util.Spliterators$ArraySpliterator.tryAdvance(Spliterators.java:958)
	at java.util.stream.ReferencePipeline.forEachWithCancel(ReferencePipeline.java:126)
	at java.util.stream.AbstractPipeline.copyIntoWithCancel(AbstractPipeline.java:499)
	at java.util.stream.AbstractPipeline.copyInto(AbstractPipeline.java:486)
	at java.util.stream.AbstractPipeline.wrapAndCopyInto(AbstractPipeline.java:472)
	at java.util.stream.FindOps$FindOp.evaluateSequential(FindOps.java:152)
	at java.util.stream.AbstractPipeline.evaluate(AbstractPipeline.java:234)
	at java.util.stream.ReferencePipeline.findFirst(ReferencePipeline.java:464)
	at org.openqa.selenium.remote.ProtocolHandshake.createSession(ProtocolHandshake.java:128)
	at org.openqa.selenium.remote.ProtocolHandshake.createSession(ProtocolHandshake.java:74)
	at org.openqa.selenium.remote.HttpCommandExecutor.execute(HttpCommandExecutor.java:136)
	at org.openqa.selenium.remote.service.DriverCommandExecutor.execute(DriverCommandExecutor.java:83)
	at org.openqa.selenium.remote.RemoteWebDriver.execute(RemoteWebDriver.java:552)
	at org.openqa.selenium.remote.RemoteWebDriver.startSession(RemoteWebDriver.java:213)
	at org.openqa.selenium.remote.RemoteWebDriver.&lt;init&gt;(RemoteWebDriver.java:131)
	at org.openqa.selenium.chrome.ChromeDriver.&lt;init&gt;(ChromeDriver.java:181)
	at org.openqa.selenium.chrome.ChromeDriver.&lt;init&gt;(ChromeDriver.java:168)
	at org.openqa.selenium.chrome.ChromeDriver.&lt;init&gt;(ChromeDriver.java:123)
	at com.atmecsautomation.testbase.TestBase.intitailizeBrowser(TestBase.java:52)
	at sun.reflect.NativeMethodAccessorImpl.invoke0(Native Method)
	at sun.reflect.NativeMethodAccessorImpl.invoke(NativeMethodAccessorImpl.java:62)
	at sun.reflect.DelegatingMethodAccessorImpl.invoke(DelegatingMethodAccessorImpl.java:43)
	at java.lang.reflect.Method.invoke(Method.java:498)
	at org.testng.internal.MethodInvocationHelper.invokeMethod(MethodInvocationHelper.java:124)
	at org.testng.internal.MethodInvocationHelper.invokeMethodConsideringTimeout(MethodInvocationHelper.java:59)
	at org.testng.internal.Invoker.invokeConfigurationMethod(Invoker.java:458)
	at org.testng.internal.Invoker.invokeConfigurations(Invoker.java:222)
	at org.testng.internal.Invoker.invokeConfigurations(Invoker.java:142)
	at org.testng.TestRunner.beforeRun(TestRunner.java:529)
	at org.testng.TestRunner.run(TestRunner.java:497)
	at org.testng.SuiteRunner.runTest(SuiteRunner.java:455)
	at org.testng.SuiteRunner.runSequentially(SuiteRunner.java:450)
	at org.testng.SuiteRunner.privateRun(SuiteRunner.java:415)
	at org.testng.SuiteRunner.run(SuiteRunner.java:364)
	at org.testng.SuiteRunnerWorker.runSuite(SuiteRunnerWorker.java:52)
	at org.testng.SuiteRunnerWorker.run(SuiteRunnerWorker.java:84)
	at org.testng.TestNG.runSuitesSequentially(TestNG.java:1208)
	at org.testng.TestNG.runSuitesLocally(TestNG.java:1137)
	at org.testng.TestNG.runSuites(TestNG.java:1049)
	at org.testng.TestNG.run(TestNG.java:1017)
	at org.apache.maven.surefire.testng.TestNGExecutor.run(TestNGExecutor.java:283)
	at org.apache.maven.surefire.testng.TestNGXmlTestSuite.execute(TestNGXmlTestSuite.java:75)
	at org.apache.maven.surefire.testng.TestNGProvider.invoke(TestNGProvider.java:120)
	at org.apache.maven.surefire.booter.ForkedBooter.invokeProviderInSameClassLoader(ForkedBooter.java:384)
	at org.apache.maven.surefire.booter.ForkedBooter.runSuitesInProcess(ForkedBooter.java:345)
	at org.apache.maven.surefire.booter.ForkedBooter.execute(ForkedBooter.java:126)
	at org.apache.maven.surefire.booter.ForkedBooter.main(ForkedBooter.java:418)
</pre></div></td>
<td>0</td>
<td>com.atmecsautomation.testscripts.ExploreNowScripts@2096442d</td></tr>
</table><p>
</body>
</html>